	Adding nVidia Cuda Toolkit 11.8

CommandNotFoundError: Your shell has not been properly configured to use 'conda activate'.
To initialize your shell, run

    $ conda init <SHELL_NAME>

Currently supported shells are:
  - bash
  - fish
  - tcsh
  - xonsh
  - zsh
  - powershell

See 'conda init --help' for more information and options.

IMPORTANT: You may need to close and restart your shell after running 'conda init'.


2026-06-16 12:58:50.202569: I tensorflow/core/util/port.cc:153] oneDNN custom operations are on. You may see slightly different numerical results due to floating-point round-off errors from different computation orders. To turn them off, set the environment variable `TF_ENABLE_ONEDNN_OPTS=0`.
2026-06-16 12:58:51.503366: E external/local_xla/xla/stream_executor/cuda/cuda_fft.cc:467] Unable to register cuFFT factory: Attempting to register factory for plugin cuFFT when one has already been registered
WARNING: All log messages before absl::InitializeLog() is called are written to STDERR
E0000 00:00:1781607531.738557 3629944 cuda_dnn.cc:8579] Unable to register cuDNN factory: Attempting to register factory for plugin cuDNN when one has already been registered
E0000 00:00:1781607531.808614 3629944 cuda_blas.cc:1407] Unable to register cuBLAS factory: Attempting to register factory for plugin cuBLAS when one has already been registered
W0000 00:00:1781607532.517531 3629944 computation_placer.cc:177] computation placer already registered. Please check linkage and avoid linking the same target more than once.
W0000 00:00:1781607532.517597 3629944 computation_placer.cc:177] computation placer already registered. Please check linkage and avoid linking the same target more than once.
W0000 00:00:1781607532.517609 3629944 computation_placer.cc:177] computation placer already registered. Please check linkage and avoid linking the same target more than once.
W0000 00:00:1781607532.517616 3629944 computation_placer.cc:177] computation placer already registered. Please check linkage and avoid linking the same target more than once.
2026-06-16 12:58:52.579512: I tensorflow/core/platform/cpu_feature_guard.cc:210] This TensorFlow binary is optimized to use available CPU instructions in performance-critical operations.
To enable the following instructions: AVX2 AVX512F AVX512_VNNI FMA, in other operations, rebuild TensorFlow with the appropriate compiler flags.
Using TensorFlow backend.
Traceback (most recent call last):
  File "/home/simonettos/prompt_stealing/prompt_stealing_def/prompt_obfuscation/prompt_obfuscation/evaluate_finetuning.py", line 23, in <module>
    from src.output_similarity import (AVAILABLE_METRICS, DERIVED_METRICS_SOURCES,
  File "/home/simonettos/prompt_stealing/prompt_stealing_def/prompt_obfuscation/prompt_obfuscation/src/output_similarity.py", line 4, in <module>
    import bert_score
ModuleNotFoundError: No module named 'bert_score'
